[09:15:39] [Server thread/INFO]: _combitoo_[/5.227.28.66:53900] logged in with entity id 285377 at (-9.5, 73.0, 3.5)
[09:15:39] [Server thread/INFO]: _combitoo_ joined the game
[09:18:30] [Server thread/INFO]: _combitoo_ has made the advancement [Stone Age]
[09:19:30] [Server thread/INFO]: _combitoo_ has made the advancement [Getting an Upgrade]
[09:47:47] [Server thread/INFO]: _combitoo_ has made the advancement [Sweet Dreams]
[10:02:55] [Server thread/INFO]: _combitoo_ has made the advancement [Monster Hunter]
[10:03:23] [Server thread/INFO]: Lina69[/109.252.88.168:1387] logged in with entity id 292185 at (-91.74583011371728, 63.0, -148.13024477501884)
[10:03:23] [Server thread/INFO]: Lina69 joined the game
[10:03:50] [Server thread/INFO]: <_combitoo_> Привет
[10:03:51] [Server thread/INFO]: <Lina69> Привет
[10:04:09] [Server thread/INFO]: <_combitoo_> Я Егор если шо
[10:04:17] [Server thread/INFO]: <Lina69> я поняла)
[10:21:31] [Server thread/INFO]: Lina69 lost connection: Disconnected
[10:21:31] [Server thread/INFO]: Lina69 left the game
[10:23:23] [Server thread/INFO]: _combitoo_ has made the advancement [Acquire Hardware]
[10:24:57] [Server thread/INFO]: _combitoo_ lost connection: Disconnected
[10:24:57] [Server thread/INFO]: _combitoo_ left the game
[13:01:24] [Server thread/INFO]: Lina69[/109.252.88.168:2256] logged in with entity id 295668 at (-54.92552896694021, 70.0, -69.48038049657812)
[13:01:24] [Server thread/INFO]: Lina69 joined the game
[13:05:26] [Server thread/INFO]: [Lina69: Gave 64 [Coal] to Lina69]
[13:05:57] [Server thread/INFO]: [Lina69: Gave 6000 [Jungle Wood] to Lina69]
[13:07:17] [Server thread/INFO]: [Lina69: Gave 1 [Coal] to Lina69]
[13:08:48] [Server thread/INFO]: [Lina69: Gave 64 [Coal] to Lina69]
[13:14:13] [Server thread/INFO]: Lina69 lost connection: Disconnected
[13:14:13] [Server thread/INFO]: Lina69 left the game
[13:14:20] [Server thread/INFO]: Lina69[/109.252.88.168:2174] logged in with entity id 297443 at (-62.5424365287692, 63.0, -50.71036037063347)
[13:14:20] [Server thread/INFO]: Lina69 joined the game
[13:27:49] [Server thread/INFO]: [Lina69: Gave 64 [Hopper] to Lina69]
[13:37:06] [Server thread/INFO]: [Lina69: Gave 1 [Dispenser] to Lina69]
[13:37:21] [Server thread/INFO]: [Lina69: Gave 1 [Water Bucket] to Lina69]
[15:08:38] [Server thread/INFO]: [Lina69: Set the time to 1000]
[15:20:29] [Server thread/INFO]: [Lina69: Set the time to 1000]
[15:36:55] [Server thread/INFO]: [Lina69: Set own game mode to Creative Mode]
[15:37:23] [Server thread/INFO]: [Lina69: Set own game mode to Survival Mode]
[16:23:18] [Server thread/INFO]: qwerty[/109.252.185.12:3560] logged in with entity id 325204 at (-4.5, 72.0, 7.5)
[16:23:18] [Server thread/INFO]: qwerty joined the game
[16:23:39] [Server thread/INFO]: <Lina69> привет, ты кто?
[16:24:06] [Server thread/INFO]: <qwerty> привет, дима
[16:24:15] [Server thread/INFO]: <Lina69> велком
[16:24:16] [Server thread/INFO]: <qwerty> отус..
[16:25:21] [Server thread/INFO]: <qwerty> чего какой у вас тут прогресс?
[16:25:33] [Server thread/INFO]: <Lina69> у нас есть долина
[16:25:44] [Server thread/INFO]: <Lina69> и я сейчас строю город в ущелье
[16:26:23] [Server thread/INFO]: <Lina69> по координата -60 -60 можешь найти хостел
[16:26:33] [Server thread/INFO]: qwerty has made the advancement [Sweet Dreams]
[16:31:57] [Server thread/INFO]: <qwerty> а 1.18 это уже с пещерами?
[16:32:48] [Server thread/INFO]: qwerty lost connection: Disconnected
[16:32:48] [Server thread/INFO]: qwerty left the game
[16:35:39] [Server thread/INFO]: INETDataSurvey4Z[/163.172.139.143:40508] logged in with entity id 328201 at (-6.5, 72.0, 0.5)
[16:35:39] [Server thread/INFO]: INETDataSurvey4Z joined the game
[16:35:39] [Server thread/INFO]: INETDataSurvey4Z lost connection: Disconnected
[16:35:39] [Server thread/INFO]: INETDataSurvey4Z left the game
[17:04:08] [Server thread/INFO]: Lina69 lost connection: Disconnected
[17:04:08] [Server thread/INFO]: Lina69 left the game
[19:28:18] [Server thread/INFO]: Lina69[/109.252.88.168:2271] logged in with entity id 331350 at (-95.00381614161778, 53.0, -27.513599391127)
[19:28:18] [Server thread/INFO]: Lina69 joined the game
[19:29:24] [Server thread/INFO]: Lina69 fell from a high place
[19:29:48] [Server thread/INFO]: [Lina69: Set own game mode to Creative Mode]
[19:40:36] [Server thread/INFO]: [Lina69: Set own game mode to Survival Mode]
[21:18:13] [Server thread/INFO]: Lina69 was impaled by Drowned
[21:18:15] [Server thread/WARN]: Lina69 moved too quickly! -10.780721596533127,8.0,39.19999998807907
[21:19:21] [Server thread/INFO]: Lina69 was impaled by Drowned
[21:19:46] [Server thread/INFO]: Lina69 was impaled by Drowned
[21:20:44] [Server thread/INFO]: [Lina69: Set own game mode to Creative Mode]
[21:21:25] [Server thread/INFO]: [Lina69: Set own game mode to Survival Mode]
[21:51:14] [Server thread/INFO]: Lina69 lost connection: Disconnected
[21:51:14] [Server thread/INFO]: Lina69 left the game
